mode: set
controllers/post.go:15.62,21.16 5 1
controllers/post.go:25.2,27.21 2 1
controllers/post.go:31.2,50.39 14 1
controllers/post.go:21.16,23.3 1 1
controllers/post.go:27.21,29.3 1 1
controllers/post.go:53.64,58.16 4 1
controllers/post.go:62.2,63.16 2 1
controllers/post.go:69.2,71.11 3 1
controllers/post.go:75.2,82.44 5 1
controllers/post.go:58.16,60.3 1 1
controllers/post.go:63.16,64.26 1 1
controllers/post.go:64.26,66.4 1 1
controllers/post.go:71.11,73.3 1 1
controllers/post.go:85.66,90.16 4 1
controllers/post.go:94.2,95.16 2 1
controllers/post.go:101.2,103.12 3 1
controllers/post.go:107.2,115.44 5 1
controllers/post.go:90.16,92.3 1 1
controllers/post.go:95.16,96.26 1 1
controllers/post.go:96.26,98.4 1 1
controllers/post.go:103.12,105.3 1 1
controllers/post.go:118.67,127.2 6 1
controllers/post.go:129.72,133.15 3 1
controllers/post.go:137.2,138.14 2 1
controllers/post.go:133.15,136.3 2 1
controllers/post.go:141.59,144.2 2 1
controllers/post.go:147.64,153.18 5 1
controllers/post.go:170.2,170.27 1 1
controllers/post.go:179.2,179.43 1 1
controllers/post.go:153.18,167.3 12 1
controllers/post.go:170.27,176.3 5 1
controllers/user.go:17.63,20.17 3 1
controllers/user.go:24.3,28.60 4 1
controllers/user.go:32.3,32.78 1 1
controllers/user.go:36.3,39.26 3 1
controllers/user.go:42.3,42.26 1 1
controllers/user.go:46.3,46.37 1 1
controllers/user.go:50.2,50.30 1 1
controllers/user.go:54.2,60.44 6 1
controllers/user.go:20.17,22.4 1 1
controllers/user.go:28.60,30.4 1 1
controllers/user.go:32.78,34.4 1 1
controllers/user.go:39.26,41.4 1 1
controllers/user.go:42.26,44.4 1 1
controllers/user.go:46.37,48.3 1 1
controllers/user.go:50.30,52.3 1 1
controllers/user.go:64.61,67.15 3 1
controllers/user.go:71.2,74.39 3 1
controllers/user.go:78.2,78.34 1 1
controllers/user.go:82.2,88.16 5 1
controllers/user.go:94.2,94.80 1 1
controllers/user.go:98.2,107.39 9 1
controllers/user.go:67.15,69.3 1 1
controllers/user.go:74.39,76.3 1 1
controllers/user.go:78.34,80.3 1 1
controllers/user.go:88.16,89.26 1 1
controllers/user.go:89.26,91.4 1 1
controllers/user.go:94.80,96.3 1 1
controllers/user.go:110.66,114.15 4 1
controllers/user.go:118.2,121.44 3 1
controllers/user.go:125.2,127.41 2 1
controllers/user.go:131.2,131.45 1 1
controllers/user.go:134.3,134.46 1 1
controllers/user.go:139.2,139.36 1 1
controllers/user.go:143.2,145.21 2 1
controllers/user.go:148.2,148.21 1 1
controllers/user.go:152.2,152.72 1 1
controllers/user.go:114.15,116.3 1 1
controllers/user.go:121.44,123.3 1 1
controllers/user.go:127.41,129.3 1 1
controllers/user.go:131.45,133.4 1 1
controllers/user.go:134.46,136.4 1 1
controllers/user.go:139.36,141.3 1 1
controllers/user.go:145.21,147.3 1 1
controllers/user.go:148.21,150.3 1 1
controllers/user.go:155.66,161.17 4 1
controllers/user.go:165.2,168.18 3 1
controllers/user.go:177.2,177.43 1 1
controllers/user.go:161.17,163.3 1 1
controllers/user.go:168.18,175.3 5 1
controllers/user.go:180.62,182.45 2 1
controllers/user.go:185.2,186.20 2 1
controllers/user.go:189.2,190.16 2 1
controllers/user.go:196.2,199.15 3 1
controllers/user.go:203.2,206.70 2 1
controllers/user.go:182.45,184.3 1 1
controllers/user.go:186.20,188.3 1 1
controllers/user.go:190.16,191.26 1 1
controllers/user.go:191.26,193.4 1 1
controllers/user.go:199.15,201.3 1 1
controllers/user.go:209.77,213.3 3 1
controllers/user.go:215.68,219.3 3 1
controllers/user.go:221.67,225.2 2 1
controllers/user.go:227.68,229.46 1 1
controllers/user.go:232.3,234.61 2 1
controllers/user.go:229.46,231.4 1 1
controllers/user.go:238.66,243.3 4 1
controllers/user.go:247.64,249.45 2 1
controllers/user.go:252.2,254.20 2 1
controllers/user.go:258.2,259.16 2 1
controllers/user.go:265.2,268.16 3 1
controllers/user.go:272.2,274.70 2 1
controllers/user.go:249.45,251.3 1 1
controllers/user.go:254.20,256.3 1 1
controllers/user.go:259.16,260.26 1 1
controllers/user.go:260.26,262.4 1 1
controllers/user.go:268.16,270.3 1 1
controllers/user.go:278.73,287.18 5 1
controllers/user.go:297.3,297.44 1 1
controllers/user.go:287.18,294.4 5 1
controllers/user.go:300.73,309.18 5 1
controllers/user.go:319.3,319.44 1 1
controllers/user.go:309.18,316.4 5 1
controllers/user.go:323.68,326.45 2 1
controllers/user.go:329.2,331.59 2 1
controllers/user.go:326.45,328.3 1 1
controllers/user.go:335.63,336.45 1 1
controllers/user.go:339.2,344.16 5 1
controllers/user.go:348.2,351.42 4 1
controllers/user.go:336.45,338.3 1 1
controllers/user.go:344.16,347.3 2 1
controllers/user.go:355.41,363.95 3 1
controllers/user.go:366.2,366.15 1 1
controllers/user.go:370.2,371.23 2 1
controllers/user.go:363.95,365.3 1 1
controllers/user.go:366.15,369.3 2 1
controllers/comment.go:13.69,19.15 5 1
controllers/comment.go:23.2,23.26 1 1
controllers/comment.go:27.2,42.50 12 1
controllers/comment.go:19.15,21.3 1 1
controllers/comment.go:23.26,25.3 1 1
controllers/comment.go:46.70,54.2 5 1
controllers/comment.go:56.67,61.16 4 1
controllers/comment.go:66.2,67.16 2 1
controllers/comment.go:73.2,75.11 3 1
controllers/comment.go:79.2,86.44 5 1
controllers/comment.go:61.16,64.3 2 1
controllers/comment.go:67.16,68.26 1 1
controllers/comment.go:68.26,70.4 1 1
controllers/comment.go:75.11,77.3 1 1
controllers/comment.go:89.69,94.16 4 1
controllers/comment.go:98.2,99.16 2 1
controllers/comment.go:105.2,107.12 3 1
controllers/comment.go:111.2,118.44 5 1
controllers/comment.go:94.16,96.3 1 1
controllers/comment.go:99.16,100.26 1 1
controllers/comment.go:100.26,102.4 1 1
controllers/comment.go:107.12,109.3 1 1
controllers/comment.go:121.78,125.15 3 1
controllers/comment.go:129.2,130.14 2 1
controllers/comment.go:125.15,128.3 2 1
controllers/comment.go:133.65,137.2 2 1
controllers/comment.go:139.86,143.18 4 1
controllers/comment.go:159.2,159.30 1 1
controllers/comment.go:165.2,165.17 1 1
controllers/comment.go:143.18,157.3 11 1
controllers/comment.go:159.30,164.3 4 1
